<?xml version="1.0" encoding="UTF-8"?>
<testsuite xmlns:xsi="http://www.w3.org/2001/XMLSchema-instance" xsi:noNamespaceSchemaLocation="https://maven.apache.org/surefire/maven-surefire-plugin/xsd/surefire-test-report.xsd" name="com.esiea.tp4A.MarsRoverTest" time="0.672" tests="58" errors="0" skipped="0" failures="0">
  <properties>
[...]
</properties>
  <testcase name="rover_laser_shoot{int, int, Direction, String, int, int, Direction}[1]" classname="com.esiea.tp4A.MarsRoverTest" time="0.039"/>
  <testcase name="rover_laser_shoot{int, int, Direction, String, int, int, Direction}[2]" classname="com.esiea.tp4A.MarsRoverTest" time="0.05"/>
  <testcase name="rover_laser_shoot{int, int, Direction, String, int, int, Direction}[3]" classname="com.esiea.tp4A.MarsRoverTest" time="0.002"/>
  <testcase name="rover_laser_shoot{int, int, Direction, String, int, int, Direction}[4]" classname="com.esiea.tp4A.MarsRoverTest" time="0.032"/>
  <testcase name="rover_laser_shoot{int, int, Direction, String, int, int, Direction}[5]" classname="com.esiea.tp4A.MarsRoverTest" time="0.003"/>
  <testcase name="rover_laser_shoot{int, int, Direction, String, int, int, Direction}[6]" classname="com.esiea.tp4A.MarsRoverTest" time="0.002"/>
  <testcase name="rover_laser_shoot{int, int, Direction, String, int, int, Direction}[7]" classname="com.esiea.tp4A.MarsRoverTest" time="0.008"/>
  <testcase name="rover_laser_shoot{int, int, Direction, String, int, int, Direction}[8]" classname="com.esiea.tp4A.MarsRoverTest" time="0.006"/>
  <testcase name="rover_laser_shoot{int, int, Direction, String, int, int, Direction}[9]" classname="com.esiea.tp4A.MarsRoverTest" time="0.001"/>
  <testcase name="rover_laser_shoot{int, int, Direction, String, int, int, Direction}[10]" classname="com.esiea.tp4A.MarsRoverTest" time="0.005"/>
  <testcase name="rover_laser_shoot{int, int, Direction, String, int, int, Direction}[11]" classname="com.esiea.tp4A.MarsRoverTest" time="0.002"/>
  <testcase name="rover_laser_shoot{int, int, Direction, String, int, int, Direction}[12]" classname="com.esiea.tp4A.MarsRoverTest" time="0.005"/>
  <testcase name="rover_limit_positions{int, int, Direction, String, int, int, Direction}[1]" classname="com.esiea.tp4A.MarsRoverTest" time="0.008"/>
  <testcase name="rover_limit_positions{int, int, Direction, String, int, int, Direction}[2]" classname="com.esiea.tp4A.MarsRoverTest" time="0.02"/>
  <testcase name="rover_limit_positions{int, int, Direction, String, int, int, Direction}[3]" classname="com.esiea.tp4A.MarsRoverTest" time="0.002"/>
  <testcase name="rover_limit_positions{int, int, Direction, String, int, int, Direction}[4]" classname="com.esiea.tp4A.MarsRoverTest" time="0.007"/>
  <testcase name="rover_limit_positions{int, int, Direction, String, int, int, Direction}[5]" classname="com.esiea.tp4A.MarsRoverTest" time="0.017"/>
  <testcase name="rover_limit_positions{int, int, Direction, String, int, int, Direction}[6]" classname="com.esiea.tp4A.MarsRoverTest" time="0.005"/>
  <testcase name="rover_limit_positions{int, int, Direction, String, int, int, Direction}[7]" classname="com.esiea.tp4A.MarsRoverTest" time="0.005"/>
  <testcase name="rover_limit_positions{int, int, Direction, String, int, int, Direction}[8]" classname="com.esiea.tp4A.MarsRoverTest" time="0.017"/>
  <testcase name="rover_limit_positions{int, int, Direction, String, int, int, Direction}[9]" classname="com.esiea.tp4A.MarsRoverTest" time="0.004"/>
  <testcase name="rover_limit_positions{int, int, Direction, String, int, int, Direction}[10]" classname="com.esiea.tp4A.MarsRoverTest" time="0.015"/>
  <testcase name="rover_limit_positions{int, int, Direction, String, int, int, Direction}[11]" classname="com.esiea.tp4A.MarsRoverTest" time="0.001"/>
  <testcase name="rover_dead_shoot{int, int, Direction, String, int, int, Direction}[1]" classname="com.esiea.tp4A.MarsRoverTest" time="0.001"/>
  <testcase name="rover_dead_shoot{int, int, Direction, String, int, int, Direction}[2]" classname="com.esiea.tp4A.MarsRoverTest" time="0.019"/>
  <testcase name="rover_dead_shoot{int, int, Direction, String, int, int, Direction}[3]" classname="com.esiea.tp4A.MarsRoverTest" time="0.015"/>
  <testcase name="rover_dead_shoot{int, int, Direction, String, int, int, Direction}[4]" classname="com.esiea.tp4A.MarsRoverTest" time="0.001"/>
  <testcase name="rover_dead_shoot{int, int, Direction, String, int, int, Direction}[5]" classname="com.esiea.tp4A.MarsRoverTest" time="0.074"/>
  <testcase name="rover_dead_shoot{int, int, Direction, String, int, int, Direction}[6]" classname="com.esiea.tp4A.MarsRoverTest" time="0.003"/>
  <testcase name="rover_dead_shoot{int, int, Direction, String, int, int, Direction}[7]" classname="com.esiea.tp4A.MarsRoverTest" time="0.018"/>
  <testcase name="rover_dead_shoot{int, int, Direction, String, int, int, Direction}[8]" classname="com.esiea.tp4A.MarsRoverTest" time="0.013"/>
  <testcase name="rover_dead_shoot{int, int, Direction, String, int, int, Direction}[9]" classname="com.esiea.tp4A.MarsRoverTest" time="0"/>
  <testcase name="rover_dead_shoot{int, int, Direction, String, int, int, Direction}[10]" classname="com.esiea.tp4A.MarsRoverTest" time="0.017"/>
  <testcase name="rover_dead_shoot{int, int, Direction, String, int, int, Direction}[11]" classname="com.esiea.tp4A.MarsRoverTest" time="0.004"/>
  <testcase name="rover_dead_shoot{int, int, Direction, String, int, int, Direction}[12]" classname="com.esiea.tp4A.MarsRoverTest" time="0.001"/>
  <testcase name="rover_stays_at_initial_position{String, int, int, Direction}[1]" classname="com.esiea.tp4A.MarsRoverTest" time="0.014"/>
  <testcase name="rover_stays_at_initial_position{String, int, int, Direction}[2]" classname="com.esiea.tp4A.MarsRoverTest" time="0.001"/>
  <testcase name="rover_stays_at_initial_position{String, int, int, Direction}[3]" classname="com.esiea.tp4A.MarsRoverTest" time="0.014"/>
  <testcase name="rover_stays_at_initial_position{String, int, int, Direction}[4]" classname="com.esiea.tp4A.MarsRoverTest" time="0.008"/>
  <testcase name="rover_stays_at_initial_position{String, int, int, Direction}[5]" classname="com.esiea.tp4A.MarsRoverTest" time="0"/>
  <testcase name="rover_stays_at_initial_position{String, int, int, Direction}[6]" classname="com.esiea.tp4A.MarsRoverTest" time="0.031"/>
  <testcase name="rover_stays_at_initial_position{String, int, int, Direction}[7]" classname="com.esiea.tp4A.MarsRoverTest" time="0.016"/>
  <testcase name="rover_stays_at_initial_position{String, int, int, Direction}[8]" classname="com.esiea.tp4A.MarsRoverTest" time="0.001"/>
  <testcase name="rover_stays_at_initial_position{String, int, int, Direction}[9]" classname="com.esiea.tp4A.MarsRoverTest" time="0"/>
  <testcase name="rover_stays_at_initial_position{String, int, int, Direction}[10]" classname="com.esiea.tp4A.MarsRoverTest" time="0.004"/>
  <testcase name="rover_stays_at_initial_position{String, int, int, Direction}[11]" classname="com.esiea.tp4A.MarsRoverTest" time="0.017"/>
  <testcase name="rover_stays_at_initial_position{String, int, int, Direction}[12]" classname="com.esiea.tp4A.MarsRoverTest" time="0.015"/>
  <testcase name="rover_stays_at_initial_position{String, int, int, Direction}[13]" classname="com.esiea.tp4A.MarsRoverTest" time="0.001"/>
  <testcase name="rover_detect_obstacles{int, int, Direction, String, int, int, Direction}[1]" classname="com.esiea.tp4A.MarsRoverTest" time="0.001"/>
  <testcase name="rover_detect_obstacles{int, int, Direction, String, int, int, Direction}[2]" classname="com.esiea.tp4A.MarsRoverTest" time="0.014"/>
  <testcase name="rover_detect_obstacles{int, int, Direction, String, int, int, Direction}[3]" classname="com.esiea.tp4A.MarsRoverTest" time="0.001"/>
  <testcase name="rover_detect_obstacles{int, int, Direction, String, int, int, Direction}[4]" classname="com.esiea.tp4A.MarsRoverTest" time="0.013"/>
  <testcase name="rover_detect_obstacles{int, int, Direction, String, int, int, Direction}[5]" classname="com.esiea.tp4A.MarsRoverTest" time="0.014"/>
  <testcase name="rover_detect_obstacles{int, int, Direction, String, int, int, Direction}[6]" classname="com.esiea.tp4A.MarsRoverTest" time="0.004"/>
  <testcase name="rover_detect_obstacles{int, int, Direction, String, int, int, Direction}[7]" classname="com.esiea.tp4A.MarsRoverTest" time="0.002"/>
  <testcase name="rover_detect_obstacles{int, int, Direction, String, int, int, Direction}[8]" classname="com.esiea.tp4A.MarsRoverTest" time="0.004"/>
  <testcase name="rover_detect_obstacles{int, int, Direction, String, int, int, Direction}[9]" classname="com.esiea.tp4A.MarsRoverTest" time="0.001"/>
  <testcase name="rover_detect_obstacles{int, int, Direction, String, int, int, Direction}[10]" classname="com.esiea.tp4A.MarsRoverTest" time="0.015"/>
</testsuite>