<?xml version="1.0" encoding="UTF-8"?>
<testsuite xmlns:xsi="http://www.w3.org/2001/XMLSchema-instance" xsi:noNamespaceSchemaLocation="https://maven.apache.org/surefire/maven-surefire-plugin/xsd/surefire-test-report.xsd" name="com.esiea.tp4A.MarsRoverTest" time="0.609" tests="51" errors="0" skipped="0" failures="0">
  <properties>
[...]
</properties>
  <testcase name="rover_laser_shoot{int, int, Direction, String, int, int, Direction}[1]" classname="com.esiea.tp4A.MarsRoverTest" time="0.054"/>
  <testcase name="rover_laser_shoot{int, int, Direction, String, int, int, Direction}[2]" classname="com.esiea.tp4A.MarsRoverTest" time="0.002"/>
  <testcase name="rover_laser_shoot{int, int, Direction, String, int, int, Direction}[3]" classname="com.esiea.tp4A.MarsRoverTest" time="0.007"/>
  <testcase name="rover_laser_shoot{int, int, Direction, String, int, int, Direction}[4]" classname="com.esiea.tp4A.MarsRoverTest" time="0.022"/>
  <testcase name="rover_laser_shoot{int, int, Direction, String, int, int, Direction}[5]" classname="com.esiea.tp4A.MarsRoverTest" time="0.005"/>
  <testcase name="rover_laser_shoot{int, int, Direction, String, int, int, Direction}[6]" classname="com.esiea.tp4A.MarsRoverTest" time="0.006"/>
  <testcase name="rover_laser_shoot{int, int, Direction, String, int, int, Direction}[7]" classname="com.esiea.tp4A.MarsRoverTest" time="0.022"/>
  <testcase name="rover_laser_shoot{int, int, Direction, String, int, int, Direction}[8]" classname="com.esiea.tp4A.MarsRoverTest" time="0.007"/>
  <testcase name="rover_laser_shoot{int, int, Direction, String, int, int, Direction}[9]" classname="com.esiea.tp4A.MarsRoverTest" time="0.025"/>
  <testcase name="rover_laser_shoot{int, int, Direction, String, int, int, Direction}[10]" classname="com.esiea.tp4A.MarsRoverTest" time="0.001"/>
  <testcase name="rover_laser_shoot{int, int, Direction, String, int, int, Direction}[11]" classname="com.esiea.tp4A.MarsRoverTest" time="0.005"/>
  <testcase name="rover_laser_shoot{int, int, Direction, String, int, int, Direction}[12]" classname="com.esiea.tp4A.MarsRoverTest" time="0.042"/>
  <testcase name="RoverInitialization" classname="com.esiea.tp4A.MarsRoverTest" time="0.013"/>
  <testcase name="RoverLaserConfiguration" classname="com.esiea.tp4A.MarsRoverTest" time="0.001"/>
  <testcase name="rover_limit_positions{int, int, Direction, String, int, int, Direction}[1]" classname="com.esiea.tp4A.MarsRoverTest" time="0.005"/>
  <testcase name="rover_limit_positions{int, int, Direction, String, int, int, Direction}[2]" classname="com.esiea.tp4A.MarsRoverTest" time="0.002"/>
  <testcase name="rover_limit_positions{int, int, Direction, String, int, int, Direction}[3]" classname="com.esiea.tp4A.MarsRoverTest" time="0.004"/>
  <testcase name="rover_limit_positions{int, int, Direction, String, int, int, Direction}[4]" classname="com.esiea.tp4A.MarsRoverTest" time="0.005"/>
  <testcase name="rover_limit_positions{int, int, Direction, String, int, int, Direction}[5]" classname="com.esiea.tp4A.MarsRoverTest" time="0.004"/>
  <testcase name="rover_limit_positions{int, int, Direction, String, int, int, Direction}[6]" classname="com.esiea.tp4A.MarsRoverTest" time="0.001"/>
  <testcase name="rover_limit_positions{int, int, Direction, String, int, int, Direction}[7]" classname="com.esiea.tp4A.MarsRoverTest" time="0.002"/>
  <testcase name="rover_limit_positions{int, int, Direction, String, int, int, Direction}[8]" classname="com.esiea.tp4A.MarsRoverTest" time="0.014"/>
  <testcase name="rover_limit_positions{int, int, Direction, String, int, int, Direction}[9]" classname="com.esiea.tp4A.MarsRoverTest" time="0.017"/>
  <testcase name="rover_limit_positions{int, int, Direction, String, int, int, Direction}[10]" classname="com.esiea.tp4A.MarsRoverTest" time="0.001"/>
  <testcase name="rover_limit_positions{int, int, Direction, String, int, int, Direction}[11]" classname="com.esiea.tp4A.MarsRoverTest" time="0.001"/>
  <testcase name="RoverUpdateMap" classname="com.esiea.tp4A.MarsRoverTest" time="0.004"/>
  <testcase name="RoverInterfaceMove" classname="com.esiea.tp4A.MarsRoverTest" time="0.001"/>
  <testcase name="rover_stays_at_initial_position{String, int, int, Direction}[1]" classname="com.esiea.tp4A.MarsRoverTest" time="0.005"/>
  <testcase name="rover_stays_at_initial_position{String, int, int, Direction}[2]" classname="com.esiea.tp4A.MarsRoverTest" time="0.002"/>
  <testcase name="rover_stays_at_initial_position{String, int, int, Direction}[3]" classname="com.esiea.tp4A.MarsRoverTest" time="0.002"/>
  <testcase name="rover_stays_at_initial_position{String, int, int, Direction}[4]" classname="com.esiea.tp4A.MarsRoverTest" time="0.006"/>
  <testcase name="rover_stays_at_initial_position{String, int, int, Direction}[5]" classname="com.esiea.tp4A.MarsRoverTest" time="0.002"/>
  <testcase name="rover_stays_at_initial_position{String, int, int, Direction}[6]" classname="com.esiea.tp4A.MarsRoverTest" time="0.018"/>
  <testcase name="rover_stays_at_initial_position{String, int, int, Direction}[7]" classname="com.esiea.tp4A.MarsRoverTest" time="0.001"/>
  <testcase name="rover_stays_at_initial_position{String, int, int, Direction}[8]" classname="com.esiea.tp4A.MarsRoverTest" time="0.001"/>
  <testcase name="rover_stays_at_initial_position{String, int, int, Direction}[9]" classname="com.esiea.tp4A.MarsRoverTest" time="0.016"/>
  <testcase name="rover_stays_at_initial_position{String, int, int, Direction}[10]" classname="com.esiea.tp4A.MarsRoverTest" time="0.004"/>
  <testcase name="rover_stays_at_initial_position{String, int, int, Direction}[11]" classname="com.esiea.tp4A.MarsRoverTest" time="0.001"/>
  <testcase name="rover_stays_at_initial_position{String, int, int, Direction}[12]" classname="com.esiea.tp4A.MarsRoverTest" time="0.001"/>
  <testcase name="rover_stays_at_initial_position{String, int, int, Direction}[13]" classname="com.esiea.tp4A.MarsRoverTest" time="0.044"/>
  <testcase name="rover_stays_at_initial_position{String, int, int, Direction}[14]" classname="com.esiea.tp4A.MarsRoverTest" time="0.004"/>
  <testcase name="rover_detect_obstacles{int, int, Direction, String, int, int, Direction}[1]" classname="com.esiea.tp4A.MarsRoverTest" time="0.001"/>
  <testcase name="rover_detect_obstacles{int, int, Direction, String, int, int, Direction}[2]" classname="com.esiea.tp4A.MarsRoverTest" time="0.001"/>
  <testcase name="rover_detect_obstacles{int, int, Direction, String, int, int, Direction}[3]" classname="com.esiea.tp4A.MarsRoverTest" time="0.016"/>
  <testcase name="rover_detect_obstacles{int, int, Direction, String, int, int, Direction}[4]" classname="com.esiea.tp4A.MarsRoverTest" time="0.014"/>
  <testcase name="rover_detect_obstacles{int, int, Direction, String, int, int, Direction}[5]" classname="com.esiea.tp4A.MarsRoverTest" time="0.001"/>
  <testcase name="rover_detect_obstacles{int, int, Direction, String, int, int, Direction}[6]" classname="com.esiea.tp4A.MarsRoverTest" time="0.034"/>
  <testcase name="rover_detect_obstacles{int, int, Direction, String, int, int, Direction}[7]" classname="com.esiea.tp4A.MarsRoverTest" time="0.005"/>
  <testcase name="rover_detect_obstacles{int, int, Direction, String, int, int, Direction}[8]" classname="com.esiea.tp4A.MarsRoverTest" time="0.005"/>
  <testcase name="rover_detect_obstacles{int, int, Direction, String, int, int, Direction}[9]" classname="com.esiea.tp4A.MarsRoverTest" time="0.001"/>
  <testcase name="rover_detect_obstacles{int, int, Direction, String, int, int, Direction}[10]" classname="com.esiea.tp4A.MarsRoverTest" time="0.004"/>
</testsuite>